2025-07-08 09:51:42 - ERROR - root - Ошибка выполнения запроса: UndefinedTableError: relation "commands" does not exist
SQL: 
            SELECT answer, command FROM commands
            WHERE user_id = $1 
            AND similarity(phrase, $2) >= 0.9
        
2025-07-08 09:51:44 - ERROR - root - Ошибка выполнения запроса: InFailedSQLTransactionError: current transaction is aborted, commands ignored until end of transaction block
SQL: INSERT INTO commands (user_id, phrase, command, answer) VALUES ($1, $2, $3, $4)
2025-07-08 09:51:51 - ERROR - root - Ошибка выполнения запроса: UndefinedTableError: relation "commands" does not exist
SQL: 
            SELECT answer, command FROM commands
            WHERE user_id = $1 
            AND similarity(phrase, $2) >= 0.9
        
2025-07-08 09:51:54 - ERROR - root - Ошибка выполнения запроса: InFailedSQLTransactionError: current transaction is aborted, commands ignored until end of transaction block
SQL: INSERT INTO commands (user_id, phrase, command, answer) VALUES ($1, $2, $3, $4)
2025-07-08 09:52:38 - ERROR - root - Ошибка выполнения запроса: UndefinedFunctionError: function similarity(character varying, unknown) does not exist
HINT:  No function matches the given name and argument types. You might need to add explicit type casts.
SQL: 
            SELECT answer, command FROM commands
            WHERE user_id = $1 
            AND similarity(phrase, $2) >= 0.9
        
2025-07-08 09:52:39 - ERROR - root - Ошибка выполнения запроса: InFailedSQLTransactionError: current transaction is aborted, commands ignored until end of transaction block
SQL: INSERT INTO commands (user_id, phrase, command, answer) VALUES ($1, $2, $3, $4)
2025-07-08 09:52:49 - ERROR - root - Ошибка выполнения запроса: UndefinedFunctionError: function similarity(character varying, unknown) does not exist
HINT:  No function matches the given name and argument types. You might need to add explicit type casts.
SQL: 
            SELECT answer, command FROM commands
            WHERE user_id = $1 
            AND similarity(phrase, $2) >= 0.9
        
2025-07-08 09:52:49 - ERROR - root - Ошибка выполнения запроса: UndefinedFunctionError: function similarity(character varying, unknown) does not exist
HINT:  No function matches the given name and argument types. You might need to add explicit type casts.
SQL: 
            SELECT answer, command FROM commands
            WHERE user_id = $1 
            AND similarity(phrase, $2) >= 0.9
        
2025-07-08 09:52:50 - ERROR - root - Ошибка выполнения запроса: InFailedSQLTransactionError: current transaction is aborted, commands ignored until end of transaction block
SQL: INSERT INTO commands (user_id, phrase, command, answer) VALUES ($1, $2, $3, $4)
2025-07-08 09:52:51 - ERROR - root - Ошибка выполнения запроса: InFailedSQLTransactionError: current transaction is aborted, commands ignored until end of transaction block
SQL: INSERT INTO commands (user_id, phrase, command, answer) VALUES ($1, $2, $3, $4)
2025-07-08 09:53:02 - ERROR - root - Ошибка выполнения запроса: UndefinedFunctionError: function similarity(character varying, unknown) does not exist
HINT:  No function matches the given name and argument types. You might need to add explicit type casts.
SQL: 
            SELECT answer, command FROM commands
            WHERE user_id = $1 
            AND similarity(phrase, $2) >= 0.9
        
2025-07-08 09:53:03 - ERROR - root - Ошибка выполнения запроса: UndefinedFunctionError: function similarity(character varying, unknown) does not exist
HINT:  No function matches the given name and argument types. You might need to add explicit type casts.
SQL: 
            SELECT answer, command FROM commands
            WHERE user_id = $1 
            AND similarity(phrase, $2) >= 0.9
        
2025-07-08 09:53:03 - ERROR - root - Ошибка выполнения запроса: InFailedSQLTransactionError: current transaction is aborted, commands ignored until end of transaction block
SQL: INSERT INTO commands (user_id, phrase, command, answer) VALUES ($1, $2, $3, $4)
2025-07-08 09:53:04 - ERROR - root - Ошибка выполнения запроса: InFailedSQLTransactionError: current transaction is aborted, commands ignored until end of transaction block
SQL: INSERT INTO commands (user_id, phrase, command, answer) VALUES ($1, $2, $3, $4)
2025-07-08 09:56:01 - ERROR - root - Неожиданная ошибка подключения: the database system is in recovery mode
2025-07-08 09:56:01 - ERROR - root - Превышено максимальное количество попыток подключения
2025-07-08 09:56:54 - ERROR - root - Неожиданная ошибка подключения: the database system is in recovery mode
2025-07-08 09:56:54 - ERROR - root - Превышено максимальное количество попыток подключения
2025-07-08 09:56:54 - ERROR - root - Неожиданная ошибка подключения: the database system is in recovery mode
2025-07-08 09:56:54 - ERROR - root - Превышено максимальное количество попыток подключения
2025-07-08 13:54:54 - ERROR - root - Ошибка выполнения запроса: StringDataRightTruncationError: value too long for type character varying(256)
SQL: INSERT INTO commands (user_id, phrase, command, answer) VALUES ($1, $2, $3, $4)
2025-07-08 16:13:18 - ERROR - root - Неожиданная ошибка подключения: the database system is in recovery mode
2025-07-08 16:13:18 - ERROR - root - Превышено максимальное количество попыток подключения
2025-07-08 16:13:18 - ERROR - root - Неожиданная ошибка подключения: the database system is in recovery mode
2025-07-08 16:13:18 - ERROR - root - Превышено максимальное количество попыток подключения
2025-07-08 17:54:46 - ERROR - root - Ошибка выполнения запроса: StringDataRightTruncationError: value too long for type character varying(128)
SQL: INSERT INTO commands (user_id, phrase, command, answer) VALUES ($1, $2, $3, $4)
2025-07-08 17:55:27 - ERROR - root - Неожиданная ошибка подключения: the database system is in recovery mode
2025-07-08 17:55:27 - ERROR - root - Превышено максимальное количество попыток подключения
2025-07-08 18:02:47 - ERROR - root - Неожиданная ошибка подключения: the database system is in recovery mode
2025-07-08 18:02:47 - ERROR - root - Превышено максимальное количество попыток подключения
2026-01-12 20:33:00 - ERROR - root - Попытка подключения 1/30 failed: connection was closed in the middle of operation
2026-01-12 20:33:01 - ERROR - root - Попытка подключения 2/30 failed: connection was closed in the middle of operation
2026-01-12 20:33:02 - ERROR - root - Попытка подключения 3/30 failed: connection was closed in the middle of operation
2026-01-12 20:33:03 - ERROR - root - Попытка подключения 4/30 failed: connection was closed in the middle of operation
2026-01-12 20:33:05 - ERROR - root - Попытка подключения 5/30 failed: connection was closed in the middle of operation
2026-01-12 20:33:06 - ERROR - root - Попытка подключения 6/30 failed: connection was closed in the middle of operation
2026-01-12 20:33:07 - ERROR - root - Попытка подключения 7/30 failed: connection was closed in the middle of operation
2026-01-12 20:33:08 - ERROR - root - Попытка подключения 8/30 failed: connection was closed in the middle of operation
